build/app/intermediates/manifest_merge_blame_file/debug/manifest-merger-blame-debug-report.txt
1<?xml version="1.0" encoding="utf-8"?>
2<manifest xmlns:android="http://schemas.android.com/apk/res/android"
3    package="com.date.flutterdateweek"
4    android:versionCode="1"
5    android:versionName="1.0.0" >
6
7    <uses-sdk
8        android:minSdkVersion="16"
9        android:targetSdkVersion="28" />
10    <!--
11         Flutter needs it to communicate with the running application
12         to allow setting breakpoints, to provide hot reload, etc.
13    -->
14    <uses-permission android:name="android.permission.INTERNET" />
14-->src\debug\AndroidManifest.xml:6:5-66
14-->src\debug\AndroidManifest.xml:6:22-64
15    <uses-permission android:name="android.permission.ACCESS_FINE_LOCATION" />
15-->[:geolocator] AndroidManifest.xml:7:5-79
15-->[:geolocator] AndroidManifest.xml:7:22-76
16    <uses-permission android:name="android.permission.READ_EXTERNAL_STORAGE" />
16-->[:image_picker] AndroidManifest.xml:7:5-80
16-->[:image_picker] AndroidManifest.xml:7:22-77
17    <uses-permission android:name="android.permission.WRITE_EXTERNAL_STORAGE" />
17-->[:image_picker] AndroidManifest.xml:8:5-81
17-->[:image_picker] AndroidManifest.xml:8:22-78
18    <uses-permission android:name="android.permission.ACCESS_NETWORK_STATE" />
18-->[:firebase_analytics] AndroidManifest.xml:7:5-79
18-->[:firebase_analytics] AndroidManifest.xml:7:22-76
19    <uses-permission android:name="android.permission.WAKE_LOCK" /> <!-- Required by older versions of Google Play services to create IID tokens -->
19-->[:firebase_analytics] AndroidManifest.xml:9:5-68
19-->[:firebase_analytics] AndroidManifest.xml:9:22-65
20    <uses-permission android:name="com.google.android.c2dm.permission.RECEIVE" />
20-->[com.google.firebase:firebase-iid:20.0.2] AndroidManifest.xml:26:5-82
20-->[com.google.firebase:firebase-iid:20.0.2] AndroidManifest.xml:26:22-79
21    <uses-permission android:name="com.google.android.finsky.permission.BIND_GET_INSTALL_REFERRER_SERVICE" />
21-->[com.google.android.gms:play-services-measurement:17.2.2] AndroidManifest.xml:26:5-110
21-->[com.google.android.gms:play-services-measurement:17.2.2] AndroidManifest.xml:26:22-107
22    <!--
23 io.flutter.app.FlutterApplication is an android.app.Application that
24         calls FlutterMain.startInitialization(this); in its onCreate method.
25         In most cases you can leave this as-is, but you if you want to provide
26         additional functionality it is fine to subclass or reimplement
27         FlutterApplication and put your custom class here.
28    -->
29    <application
29-->src\main\AndroidManifest.xml:8:5-29:19
30        android:name="io.flutter.app.FlutterApplication"
30-->src\main\AndroidManifest.xml:9:9-57
31        android:appComponentFactory="androidx.core.app.CoreComponentFactory"
31-->[androidx.core:core:1.2.0] AndroidManifest.xml:24:18-86
32        android:debuggable="true"
33        android:icon="@mipmap/ic_launcher"
33-->src\main\AndroidManifest.xml:11:9-43
34        android:label="flutterdateweek" >
34-->src\main\AndroidManifest.xml:10:9-40
35        <activity
35-->src\main\AndroidManifest.xml:12:9-23:20
36            android:name="com.date.flutterdateweek.MainActivity"
36-->src\main\AndroidManifest.xml:13:13-41
37            android:configChanges="orientation|keyboardHidden|keyboard|screenSize|smallestScreenSize|locale|layoutDirection|fontScale|screenLayout|density|uiMode"
37-->src\main\AndroidManifest.xml:16:13-163
38            android:hardwareAccelerated="true"
38-->src\main\AndroidManifest.xml:17:13-47
39            android:launchMode="singleTop"
39-->src\main\AndroidManifest.xml:14:13-43
40            android:theme="@style/LaunchTheme"
40-->src\main\AndroidManifest.xml:15:13-47
41            android:windowSoftInputMode="adjustResize" >
41-->src\main\AndroidManifest.xml:18:13-55
42            <intent-filter>
42-->src\main\AndroidManifest.xml:19:13-22:29
43                <action android:name="android.intent.action.MAIN" />
43-->src\main\AndroidManifest.xml:20:17-68
43-->src\main\AndroidManifest.xml:20:25-66
44
45                <category android:name="android.intent.category.LAUNCHER" />
45-->src\main\AndroidManifest.xml:21:17-76
45-->src\main\AndroidManifest.xml:21:27-74
46            </intent-filter>
47        </activity>
48        <!--
49             Don't delete the meta-data below.
50             This is used by the Flutter tool to generate GeneratedPluginRegistrant.java
51        -->
52        <meta-data
52-->src\main\AndroidManifest.xml:26:9-28:33
53            android:name="flutterEmbedding"
53-->src\main\AndroidManifest.xml:27:13-44
54            android:value="2" />
54-->src\main\AndroidManifest.xml:28:13-30
55
56        <service
56-->[:firebase_auth] AndroidManifest.xml:8:9-12:19
57            android:name="com.google.firebase.components.ComponentDiscoveryService"
57-->[:firebase_auth] AndroidManifest.xml:8:18-89
58            android:directBootAware="true"
58-->[com.google.firebase:firebase-common:19.3.0] AndroidManifest.xml:34:13-43
59            android:exported="false" >
59-->[com.google.firebase:firebase-firestore:21.3.0] AndroidManifest.xml:19:13-37
60            <meta-data
60-->[:firebase_auth] AndroidManifest.xml:9:13-11:85
61                android:name="com.google.firebase.components:io.flutter.plugins.firebaseauth.FlutterFirebaseAppRegistrar"
61-->[:firebase_auth] AndroidManifest.xml:10:17-122
62                android:value="com.google.firebase.components.ComponentRegistrar" />
62-->[:firebase_auth] AndroidManifest.xml:11:17-82
63            <meta-data
63-->[:firebase_storage] AndroidManifest.xml:9:13-11:85
64                android:name="com.google.firebase.components:io.flutter.plugins.firebase.storage.FlutterFirebaseAppRegistrar"
64-->[:firebase_storage] AndroidManifest.xml:10:17-126
65                android:value="com.google.firebase.components.ComponentRegistrar" />
65-->[:firebase_storage] AndroidManifest.xml:11:17-82
66            <meta-data
66-->[:cloud_firestore] AndroidManifest.xml:9:13-11:85
67                android:name="com.google.firebase.components:io.flutter.plugins.firebase.cloudfirestore.FlutterFirebaseAppRegistrar"
67-->[:cloud_firestore] AndroidManifest.xml:10:17-133
68                android:value="com.google.firebase.components.ComponentRegistrar" />
68-->[:cloud_firestore] AndroidManifest.xml:11:17-82
69            <meta-data
69-->[:firebase_database] AndroidManifest.xml:9:13-11:85
70                android:name="com.google.firebase.components:io.flutter.plugins.firebase.database.FlutterFirebaseAppRegistrar"
70-->[:firebase_database] AndroidManifest.xml:10:17-127
71                android:value="com.google.firebase.components.ComponentRegistrar" />
71-->[:firebase_database] AndroidManifest.xml:11:17-82
72            <meta-data
72-->[:firebase_core] AndroidManifest.xml:9:13-11:85
73                android:name="com.google.firebase.components:io.flutter.plugins.firebase.core.FlutterFirebaseAppRegistrar"
73-->[:firebase_core] AndroidManifest.xml:10:17-123
74                android:value="com.google.firebase.components.ComponentRegistrar" />
74-->[:firebase_core] AndroidManifest.xml:11:17-82
75            <meta-data
75-->[:firebase_analytics] AndroidManifest.xml:13:13-15:85
76                android:name="com.google.firebase.components:io.flutter.plugins.firebaseanalytics.FlutterFirebaseAppRegistrar"
76-->[:firebase_analytics] AndroidManifest.xml:14:17-127
77                android:value="com.google.firebase.components.ComponentRegistrar" />
77-->[:firebase_analytics] AndroidManifest.xml:15:17-82
78            <meta-data
78-->[com.google.firebase:firebase-storage:17.0.0] AndroidManifest.xml:31:13-33:85
79                android:name="com.google.firebase.components:com.google.firebase.storage.StorageRegistrar"
79-->[com.google.firebase:firebase-storage:17.0.0] AndroidManifest.xml:32:17-107
80                android:value="com.google.firebase.components.ComponentRegistrar" />
80-->[com.google.firebase:firebase-storage:17.0.0] AndroidManifest.xml:33:17-82
81            <meta-data
81-->[com.google.firebase:firebase-firestore:21.3.0] AndroidManifest.xml:20:13-22:85
82                android:name="com.google.firebase.components:com.google.firebase.firestore.FirestoreRegistrar"
82-->[com.google.firebase:firebase-firestore:21.3.0] AndroidManifest.xml:21:17-111
83                android:value="com.google.firebase.components.ComponentRegistrar" />
83-->[com.google.firebase:firebase-firestore:21.3.0] AndroidManifest.xml:22:17-82
84            <meta-data
84-->[com.google.firebase:firebase-database:17.0.0] AndroidManifest.xml:30:13-32:85
85                android:name="com.google.firebase.components:com.google.firebase.database.DatabaseRegistrar"
85-->[com.google.firebase:firebase-database:17.0.0] AndroidManifest.xml:31:17-109
86                android:value="com.google.firebase.components.ComponentRegistrar" />
86-->[com.google.firebase:firebase-database:17.0.0] AndroidManifest.xml:32:17-82
87            <meta-data
87-->[com.google.firebase:firebase-auth:19.2.0] AndroidManifest.xml:36:13-38:85
88                android:name="com.google.firebase.components:com.google.firebase.auth.FirebaseAuthRegistrar"
88-->[com.google.firebase:firebase-auth:19.2.0] AndroidManifest.xml:37:17-109
89                android:value="com.google.firebase.components.ComponentRegistrar" />
89-->[com.google.firebase:firebase-auth:19.2.0] AndroidManifest.xml:38:17-82
90            <meta-data
90-->[com.google.android.gms:play-services-measurement-api:17.2.2] AndroidManifest.xml:30:13-32:85
91                android:name="com.google.firebase.components:com.google.firebase.analytics.connector.internal.AnalyticsConnectorRegistrar"
91-->[com.google.android.gms:play-services-measurement-api:17.2.2] AndroidManifest.xml:31:17-139
92                android:value="com.google.firebase.components.ComponentRegistrar" />
92-->[com.google.android.gms:play-services-measurement-api:17.2.2] AndroidManifest.xml:32:17-82
93            <meta-data
93-->[com.google.firebase:firebase-iid:20.0.2] AndroidManifest.xml:32:13-34:85
94                android:name="com.google.firebase.components:com.google.firebase.iid.Registrar"
94-->[com.google.firebase:firebase-iid:20.0.2] AndroidManifest.xml:33:17-96
95                android:value="com.google.firebase.components.ComponentRegistrar" />
95-->[com.google.firebase:firebase-iid:20.0.2] AndroidManifest.xml:34:17-82
96        </service>
97
98        <provider
98-->[:image_picker] AndroidManifest.xml:11:9-19:20
99            android:name="io.flutter.plugins.imagepicker.ImagePickerFileProvider"
99-->[:image_picker] AndroidManifest.xml:12:13-82
100            android:authorities="com.date.flutterdateweek.flutter.image_provider"
100-->[:image_picker] AndroidManifest.xml:13:13-74
101            android:exported="false"
101-->[:image_picker] AndroidManifest.xml:14:13-37
102            android:grantUriPermissions="true" >
102-->[:image_picker] AndroidManifest.xml:15:13-47
103            <meta-data
103-->[:image_picker] AndroidManifest.xml:16:13-18:75
104                android:name="android.support.FILE_PROVIDER_PATHS"
104-->[:image_picker] AndroidManifest.xml:17:17-67
105                android:resource="@xml/flutter_image_picker_file_paths" />
105-->[:image_picker] AndroidManifest.xml:18:17-72
106        </provider>
107        <provider
107-->[com.sangcomz:FishBun:0.11.2] AndroidManifest.xml:12:9-20:20
108            android:name="com.sangcomz.fishbun.FishBunFileProvider"
108-->[com.sangcomz:FishBun:0.11.2] AndroidManifest.xml:13:13-68
109            android:authorities="com.date.flutterdateweek.fishbunfileprovider"
109-->[com.sangcomz:FishBun:0.11.2] AndroidManifest.xml:14:13-71
110            android:exported="false"
110-->[com.sangcomz:FishBun:0.11.2] AndroidManifest.xml:15:13-37
111            android:grantUriPermissions="true" >
111-->[com.sangcomz:FishBun:0.11.2] AndroidManifest.xml:16:13-47
112            <meta-data
112-->[:image_picker] AndroidManifest.xml:16:13-18:75
113                android:name="android.support.FILE_PROVIDER_PATHS"
113-->[:image_picker] AndroidManifest.xml:17:17-67
114                android:resource="@xml/provider_paths" />
114-->[:image_picker] AndroidManifest.xml:18:17-72
115        </provider>
116
117        <activity
117-->[com.sangcomz:FishBun:0.11.2] AndroidManifest.xml:22:9-25:51
118            android:name="com.sangcomz.fishbun.ui.album.AlbumActivity"
118-->[com.sangcomz:FishBun:0.11.2] AndroidManifest.xml:23:13-71
119            android:label="@string/album"
119-->[com.sangcomz:FishBun:0.11.2] AndroidManifest.xml:24:13-42
120            android:theme="@style/FishBunTheme" />
120-->[com.sangcomz:FishBun:0.11.2] AndroidManifest.xml:25:13-48
121        <activity
121-->[com.sangcomz:FishBun:0.11.2] AndroidManifest.xml:26:9-28:51
122            android:name="com.sangcomz.fishbun.ui.picker.PickerActivity"
122-->[com.sangcomz:FishBun:0.11.2] AndroidManifest.xml:27:13-73
123            android:theme="@style/FishBunTheme" />
123-->[com.sangcomz:FishBun:0.11.2] AndroidManifest.xml:28:13-48
124        <activity
124-->[com.sangcomz:FishBun:0.11.2] AndroidManifest.xml:29:9-31:54
125            android:name="com.sangcomz.fishbun.ui.detail.DetailActivity"
125-->[com.sangcomz:FishBun:0.11.2] AndroidManifest.xml:30:13-73
126            android:theme="@style/DetailViewTheme" />
126-->[com.sangcomz:FishBun:0.11.2] AndroidManifest.xml:31:13-51
127        <activity
127-->[com.google.firebase:firebase-auth:19.2.0] AndroidManifest.xml:24:9-31:50
128            android:name="com.google.firebase.auth.internal.FederatedSignInActivity"
128-->[com.google.firebase:firebase-auth:19.2.0] AndroidManifest.xml:25:13-85
129            android:excludeFromRecents="true"
129-->[com.google.firebase:firebase-auth:19.2.0] AndroidManifest.xml:26:13-46
130            android:exported="true"
130-->[com.google.firebase:firebase-auth:19.2.0] AndroidManifest.xml:27:13-36
131            android:launchMode="singleTask"
131-->[com.google.firebase:firebase-auth:19.2.0] AndroidManifest.xml:28:13-44
132            android:permission="com.google.firebase.auth.api.gms.permission.LAUNCH_FEDERATED_SIGN_IN"
132-->[com.google.firebase:firebase-auth:19.2.0] AndroidManifest.xml:29:13-102
133            android:theme="@android:style/Theme.Translucent.NoTitleBar" />
133-->[com.google.firebase:firebase-auth:19.2.0] AndroidManifest.xml:30:13-72
134
135        <receiver
135-->[com.google.firebase:firebase-iid:20.0.2] AndroidManifest.xml:37:9-44:20
136            android:name="com.google.firebase.iid.FirebaseInstanceIdReceiver"
136-->[com.google.firebase:firebase-iid:20.0.2] AndroidManifest.xml:38:13-78
137            android:exported="true"
137-->[com.google.firebase:firebase-iid:20.0.2] AndroidManifest.xml:39:13-36
138            android:permission="com.google.android.c2dm.permission.SEND" >
138-->[com.google.firebase:firebase-iid:20.0.2] AndroidManifest.xml:40:13-73
139            <intent-filter>
139-->[com.google.firebase:firebase-iid:20.0.2] AndroidManifest.xml:41:13-43:29
140                <action android:name="com.google.android.c2dm.intent.RECEIVE" />
140-->[com.google.firebase:firebase-iid:20.0.2] AndroidManifest.xml:42:17-81
140-->[com.google.firebase:firebase-iid:20.0.2] AndroidManifest.xml:42:25-78
141            </intent-filter>
142        </receiver>
143
144        <activity
144-->[com.google.android.gms:play-services-base:17.2.1] AndroidManifest.xml:23:9-26:75
145            android:name="com.google.android.gms.common.api.GoogleApiActivity"
145-->[com.google.android.gms:play-services-base:17.2.1] AndroidManifest.xml:24:13-79
146            android:exported="false"
146-->[com.google.android.gms:play-services-base:17.2.1] AndroidManifest.xml:25:13-37
147            android:theme="@android:style/Theme.Translucent.NoTitleBar" />
147-->[com.google.android.gms:play-services-base:17.2.1] AndroidManifest.xml:26:13-72
148
149        <receiver
149-->[com.google.android.gms:play-services-measurement:17.2.2] AndroidManifest.xml:29:9-33:20
150            android:name="com.google.android.gms.measurement.AppMeasurementReceiver"
150-->[com.google.android.gms:play-services-measurement:17.2.2] AndroidManifest.xml:30:13-85
151            android:enabled="true"
151-->[com.google.android.gms:play-services-measurement:17.2.2] AndroidManifest.xml:31:13-35
152            android:exported="false" >
152-->[com.google.android.gms:play-services-measurement:17.2.2] AndroidManifest.xml:32:13-37
153        </receiver>
154        <receiver
154-->[com.google.android.gms:play-services-measurement:17.2.2] AndroidManifest.xml:34:9-42:20
155            android:name="com.google.android.gms.measurement.AppMeasurementInstallReferrerReceiver"
155-->[com.google.android.gms:play-services-measurement:17.2.2] AndroidManifest.xml:35:13-100
156            android:enabled="true"
156-->[com.google.android.gms:play-services-measurement:17.2.2] AndroidManifest.xml:36:13-35
157            android:exported="true"
157-->[com.google.android.gms:play-services-measurement:17.2.2] AndroidManifest.xml:37:13-36
158            android:permission="android.permission.INSTALL_PACKAGES" >
158-->[com.google.android.gms:play-services-measurement:17.2.2] AndroidManifest.xml:38:13-69
159            <intent-filter>
159-->[com.google.android.gms:play-services-measurement:17.2.2] AndroidManifest.xml:39:13-41:29
160                <action android:name="com.android.vending.INSTALL_REFERRER" />
160-->[com.google.android.gms:play-services-measurement:17.2.2] AndroidManifest.xml:40:17-79
160-->[com.google.android.gms:play-services-measurement:17.2.2] AndroidManifest.xml:40:25-76
161            </intent-filter>
162        </receiver>
163
164        <service
164-->[com.google.android.gms:play-services-measurement:17.2.2] AndroidManifest.xml:44:9-47:40
165            android:name="com.google.android.gms.measurement.AppMeasurementService"
165-->[com.google.android.gms:play-services-measurement:17.2.2] AndroidManifest.xml:45:13-84
166            android:enabled="true"
166-->[com.google.android.gms:play-services-measurement:17.2.2] AndroidManifest.xml:46:13-35
167            android:exported="false" />
167-->[com.google.android.gms:play-services-measurement:17.2.2] AndroidManifest.xml:47:13-37
168        <service
168-->[com.google.android.gms:play-services-measurement:17.2.2] AndroidManifest.xml:48:9-52:72
169            android:name="com.google.android.gms.measurement.AppMeasurementJobService"
169-->[com.google.android.gms:play-services-measurement:17.2.2] AndroidManifest.xml:49:13-87
170            android:enabled="true"
170-->[com.google.android.gms:play-services-measurement:17.2.2] AndroidManifest.xml:50:13-35
171            android:exported="false"
171-->[com.google.android.gms:play-services-measurement:17.2.2] AndroidManifest.xml:51:13-37
172            android:permission="android.permission.BIND_JOB_SERVICE" />
172-->[com.google.android.gms:play-services-measurement:17.2.2] AndroidManifest.xml:52:13-69
173
174        <provider
174-->[com.google.firebase:firebase-common:19.3.0] AndroidManifest.xml:26:9-30:39
175            android:name="com.google.firebase.provider.FirebaseInitProvider"
175-->[com.google.firebase:firebase-common:19.3.0] AndroidManifest.xml:27:13-77
176            android:authorities="com.date.flutterdateweek.firebaseinitprovider"
176-->[com.google.firebase:firebase-common:19.3.0] AndroidManifest.xml:28:13-72
177            android:exported="false"
177-->[com.google.firebase:firebase-common:19.3.0] AndroidManifest.xml:29:13-37
178            android:initOrder="100" />
178-->[com.google.firebase:firebase-common:19.3.0] AndroidManifest.xml:30:13-36
179
180        <meta-data
180-->[com.google.android.gms:play-services-basement:17.2.1] AndroidManifest.xml:23:9-25:69
181            android:name="com.google.android.gms.version"
181-->[com.google.android.gms:play-services-basement:17.2.1] AndroidManifest.xml:24:13-58
182            android:value="@integer/google_play_services_version" />
182-->[com.google.android.gms:play-services-basement:17.2.1] AndroidManifest.xml:25:13-66
183    </application>
184
185</manifest>